<?xml version="1.0" encoding="UTF-8"?>
<testsuite xmlns:xsi="http://www.w3.org/2001/XMLSchema-instance" xsi:noNamespaceSchemaLocation="https://maven.apache.org/surefire/maven-surefire-plugin/xsd/surefire-test-report.xsd" name="projekti.ProjektiTest" time="0.046" tests="1" errors="0" skipped="0" failures="0">
  <properties>
    <property name="sun.desktop" value="windows"/>
    <property name="awt.toolkit" value="sun.awt.windows.WToolkit"/>
    <property name="file.encoding.pkg" value="sun.io"/>
    <property name="java.specification.version" value="1.8"/>
    <property name="sun.cpu.isalist" value="amd64"/>
    <property name="sun.jnu.encoding" value="Cp1252"/>
    <property name="java.class.path" value="C:\Users\jessi\Desktop\Koodi\MOOC\mooc-wepa-k19-projekti\wepa_Projekti\target\test-classes;C:\Users\jessi\Desktop\Koodi\MOOC\mooc-wepa-k19-projekti\wepa_Projekti\target\classes;C:\Users\jessi\.m2\repository\org\springframework\boot\spring-boot-starter-web\2.1.3.RELEASE\spring-boot-starter-web-2.1.3.RELEASE.jar;C:\Users\jessi\.m2\repository\org\springframework\boot\spring-boot-starter\2.1.3.RELEASE\spring-boot-starter-2.1.3.RELEASE.jar;C:\Users\jessi\.m2\repository\org\springframework\boot\spring-boot-starter-logging\2.1.3.RELEASE\spring-boot-starter-logging-2.1.3.RELEASE.jar;C:\Users\jessi\.m2\repository\ch\qos\logback\logback-classic\1.2.3\logback-classic-1.2.3.jar;C:\Users\jessi\.m2\repository\ch\qos\logback\logback-core\1.2.3\logback-core-1.2.3.jar;C:\Users\jessi\.m2\repository\org\apache\logging\log4j\log4j-to-slf4j\2.11.2\log4j-to-slf4j-2.11.2.jar;C:\Users\jessi\.m2\repository\org\apache\logging\log4j\log4j-api\2.11.2\log4j-api-2.11.2.jar;C:\Users\jessi\.m2\repository\org\slf4j\jul-to-slf4j\1.7.25\jul-to-slf4j-1.7.25.jar;C:\Users\jessi\.m2\repository\javax\annotation\javax.annotation-api\1.3.2\javax.annotation-api-1.3.2.jar;C:\Users\jessi\.m2\repository\org\yaml\snakeyaml\1.23\snakeyaml-1.23.jar;C:\Users\jessi\.m2\repository\org\springframework\boot\spring-boot-starter-json\2.1.3.RELEASE\spring-boot-starter-json-2.1.3.RELEASE.jar;C:\Users\jessi\.m2\repository\com\fasterxml\jackson\core\jackson-databind\2.9.8\jackson-databind-2.9.8.jar;C:\Users\jessi\.m2\repository\com\fasterxml\jackson\core\jackson-annotations\2.9.0\jackson-annotations-2.9.0.jar;C:\Users\jessi\.m2\repository\com\fasterxml\jackson\core\jackson-core\2.9.8\jackson-core-2.9.8.jar;C:\Users\jessi\.m2\repository\com\fasterxml\jackson\datatype\jackson-datatype-jdk8\2.9.8\jackson-datatype-jdk8-2.9.8.jar;C:\Users\jessi\.m2\repository\com\fasterxml\jackson\datatype\jackson-datatype-jsr310\2.9.8\jackson-datatype-jsr310-2.9.8.jar;C:\Users\jessi\.m2\repository\com\fasterxml\jackson\module\jackson-module-parameter-names\2.9.8\jackson-module-parameter-names-2.9.8.jar;C:\Users\jessi\.m2\repository\org\springframework\boot\spring-boot-starter-tomcat\2.1.3.RELEASE\spring-boot-starter-tomcat-2.1.3.RELEASE.jar;C:\Users\jessi\.m2\repository\org\apache\tomcat\embed\tomcat-embed-core\9.0.16\tomcat-embed-core-9.0.16.jar;C:\Users\jessi\.m2\repository\org\apache\tomcat\embed\tomcat-embed-el\9.0.16\tomcat-embed-el-9.0.16.jar;C:\Users\jessi\.m2\repository\org\apache\tomcat\embed\tomcat-embed-websocket\9.0.16\tomcat-embed-websocket-9.0.16.jar;C:\Users\jessi\.m2\repository\org\hibernate\validator\hibernate-validator\6.0.14.Final\hibernate-validator-6.0.14.Final.jar;C:\Users\jessi\.m2\repository\javax\validation\validation-api\2.0.1.Final\validation-api-2.0.1.Final.jar;C:\Users\jessi\.m2\repository\org\jboss\logging\jboss-logging\3.3.2.Final\jboss-logging-3.3.2.Final.jar;C:\Users\jessi\.m2\repository\com\fasterxml\classmate\1.4.0\classmate-1.4.0.jar;C:\Users\jessi\.m2\repository\org\springframework\spring-web\5.1.5.RELEASE\spring-web-5.1.5.RELEASE.jar;C:\Users\jessi\.m2\repository\org\springframework\spring-beans\5.1.5.RELEASE\spring-beans-5.1.5.RELEASE.jar;C:\Users\jessi\.m2\repository\org\springframework\spring-webmvc\5.1.5.RELEASE\spring-webmvc-5.1.5.RELEASE.jar;C:\Users\jessi\.m2\repository\org\springframework\spring-context\5.1.5.RELEASE\spring-context-5.1.5.RELEASE.jar;C:\Users\jessi\.m2\repository\org\springframework\spring-expression\5.1.5.RELEASE\spring-expression-5.1.5.RELEASE.jar;C:\Users\jessi\.m2\repository\org\springframework\boot\spring-boot-starter-thymeleaf\2.1.3.RELEASE\spring-boot-starter-thymeleaf-2.1.3.RELEASE.jar;C:\Users\jessi\.m2\repository\org\thymeleaf\thymeleaf-spring5\3.0.11.RELEASE\thymeleaf-spring5-3.0.11.RELEASE.jar;C:\Users\jessi\.m2\repository\org\thymeleaf\thymeleaf\3.0.11.RELEASE\thymeleaf-3.0.11.RELEASE.jar;C:\Users\jessi\.m2\repository\org\attoparser\attoparser\2.0.5.RELEASE\attoparser-2.0.5.RELEASE.jar;C:\Users\jessi\.m2\repository\org\unbescape\unbescape\1.1.6.RELEASE\unbescape-1.1.6.RELEASE.jar;C:\Users\jessi\.m2\repository\org\thymeleaf\extras\thymeleaf-extras-java8time\3.0.3.RELEASE\thymeleaf-extras-java8time-3.0.3.RELEASE.jar;C:\Users\jessi\.m2\repository\org\springframework\boot\spring-boot-starter-security\2.1.3.RELEASE\spring-boot-starter-security-2.1.3.RELEASE.jar;C:\Users\jessi\.m2\repository\org\springframework\spring-aop\5.1.5.RELEASE\spring-aop-5.1.5.RELEASE.jar;C:\Users\jessi\.m2\repository\org\springframework\security\spring-security-config\5.1.4.RELEASE\spring-security-config-5.1.4.RELEASE.jar;C:\Users\jessi\.m2\repository\org\springframework\security\spring-security-core\5.1.4.RELEASE\spring-security-core-5.1.4.RELEASE.jar;C:\Users\jessi\.m2\repository\org\springframework\security\spring-security-web\5.1.4.RELEASE\spring-security-web-5.1.4.RELEASE.jar;C:\Users\jessi\.m2\repository\org\thymeleaf\extras\thymeleaf-extras-springsecurity5\3.0.4.RELEASE\thymeleaf-extras-springsecurity5-3.0.4.RELEASE.jar;C:\Users\jessi\.m2\repository\org\slf4j\slf4j-api\1.7.25\slf4j-api-1.7.25.jar;C:\Users\jessi\.m2\repository\org\springframework\boot\spring-boot-devtools\2.1.3.RELEASE\spring-boot-devtools-2.1.3.RELEASE.jar;C:\Users\jessi\.m2\repository\org\springframework\boot\spring-boot\2.1.3.RELEASE\spring-boot-2.1.3.RELEASE.jar;C:\Users\jessi\.m2\repository\org\springframework\boot\spring-boot-autoconfigure\2.1.3.RELEASE\spring-boot-autoconfigure-2.1.3.RELEASE.jar;C:\Users\jessi\.m2\repository\org\springframework\boot\spring-boot-starter-test\2.1.3.RELEASE\spring-boot-starter-test-2.1.3.RELEASE.jar;C:\Users\jessi\.m2\repository\org\springframework\boot\spring-boot-test\2.1.3.RELEASE\spring-boot-test-2.1.3.RELEASE.jar;C:\Users\jessi\.m2\repository\org\springframework\boot\spring-boot-test-autoconfigure\2.1.3.RELEASE\spring-boot-test-autoconfigure-2.1.3.RELEASE.jar;C:\Users\jessi\.m2\repository\com\jayway\jsonpath\json-path\2.4.0\json-path-2.4.0.jar;C:\Users\jessi\.m2\repository\net\minidev\json-smart\2.3\json-smart-2.3.jar;C:\Users\jessi\.m2\repository\net\minidev\accessors-smart\1.2\accessors-smart-1.2.jar;C:\Users\jessi\.m2\repository\org\ow2\asm\asm\5.0.4\asm-5.0.4.jar;C:\Users\jessi\.m2\repository\junit\junit\4.12\junit-4.12.jar;C:\Users\jessi\.m2\repository\org\assertj\assertj-core\3.11.1\assertj-core-3.11.1.jar;C:\Users\jessi\.m2\repository\org\mockito\mockito-core\2.23.4\mockito-core-2.23.4.jar;C:\Users\jessi\.m2\repository\net\bytebuddy\byte-buddy\1.9.10\byte-buddy-1.9.10.jar;C:\Users\jessi\.m2\repository\net\bytebuddy\byte-buddy-agent\1.9.10\byte-buddy-agent-1.9.10.jar;C:\Users\jessi\.m2\repository\org\objenesis\objenesis\2.6\objenesis-2.6.jar;C:\Users\jessi\.m2\repository\org\hamcrest\hamcrest-core\1.3\hamcrest-core-1.3.jar;C:\Users\jessi\.m2\repository\org\hamcrest\hamcrest-library\1.3\hamcrest-library-1.3.jar;C:\Users\jessi\.m2\repository\org\skyscreamer\jsonassert\1.5.0\jsonassert-1.5.0.jar;C:\Users\jessi\.m2\repository\com\vaadin\external\google\android-json\0.0.20131108.vaadin1\android-json-0.0.20131108.vaadin1.jar;C:\Users\jessi\.m2\repository\org\springframework\spring-core\5.1.5.RELEASE\spring-core-5.1.5.RELEASE.jar;C:\Users\jessi\.m2\repository\org\springframework\spring-jcl\5.1.5.RELEASE\spring-jcl-5.1.5.RELEASE.jar;C:\Users\jessi\.m2\repository\org\springframework\spring-test\5.1.5.RELEASE\spring-test-5.1.5.RELEASE.jar;C:\Users\jessi\.m2\repository\org\xmlunit\xmlunit-core\2.6.2\xmlunit-core-2.6.2.jar;C:\Users\jessi\.m2\repository\org\projectlombok\lombok\1.18.6\lombok-1.18.6.jar;C:\Users\jessi\.m2\repository\org\springframework\boot\spring-boot-starter-data-jpa\2.1.3.RELEASE\spring-boot-starter-data-jpa-2.1.3.RELEASE.jar;C:\Users\jessi\.m2\repository\org\springframework\boot\spring-boot-starter-aop\2.1.3.RELEASE\spring-boot-starter-aop-2.1.3.RELEASE.jar;C:\Users\jessi\.m2\repository\org\aspectj\aspectjweaver\1.9.2\aspectjweaver-1.9.2.jar;C:\Users\jessi\.m2\repository\org\springframework\boot\spring-boot-starter-jdbc\2.1.3.RELEASE\spring-boot-starter-jdbc-2.1.3.RELEASE.jar;C:\Users\jessi\.m2\repository\com\zaxxer\HikariCP\3.2.0\HikariCP-3.2.0.jar;C:\Users\jessi\.m2\repository\org\springframework\spring-jdbc\5.1.5.RELEASE\spring-jdbc-5.1.5.RELEASE.jar;C:\Users\jessi\.m2\repository\javax\transaction\javax.transaction-api\1.3\javax.transaction-api-1.3.jar;C:\Users\jessi\.m2\repository\javax\xml\bind\jaxb-api\2.3.1\jaxb-api-2.3.1.jar;C:\Users\jessi\.m2\repository\javax\activation\javax.activation-api\1.2.0\javax.activation-api-1.2.0.jar;C:\Users\jessi\.m2\repository\org\hibernate\hibernate-core\5.3.7.Final\hibernate-core-5.3.7.Final.jar;C:\Users\jessi\.m2\repository\javax\persistence\javax.persistence-api\2.2\javax.persistence-api-2.2.jar;C:\Users\jessi\.m2\repository\org\javassist\javassist\3.23.1-GA\javassist-3.23.1-GA.jar;C:\Users\jessi\.m2\repository\antlr\antlr\2.7.7\antlr-2.7.7.jar;C:\Users\jessi\.m2\repository\org\jboss\jandex\2.0.5.Final\jandex-2.0.5.Final.jar;C:\Users\jessi\.m2\repository\org\dom4j\dom4j\2.1.1\dom4j-2.1.1.jar;C:\Users\jessi\.m2\repository\org\hibernate\common\hibernate-commons-annotations\5.0.4.Final\hibernate-commons-annotations-5.0.4.Final.jar;C:\Users\jessi\.m2\repository\org\springframework\data\spring-data-jpa\2.1.5.RELEASE\spring-data-jpa-2.1.5.RELEASE.jar;C:\Users\jessi\.m2\repository\org\springframework\data\spring-data-commons\2.1.5.RELEASE\spring-data-commons-2.1.5.RELEASE.jar;C:\Users\jessi\.m2\repository\org\springframework\spring-orm\5.1.5.RELEASE\spring-orm-5.1.5.RELEASE.jar;C:\Users\jessi\.m2\repository\org\springframework\spring-tx\5.1.5.RELEASE\spring-tx-5.1.5.RELEASE.jar;C:\Users\jessi\.m2\repository\org\springframework\spring-aspects\5.1.5.RELEASE\spring-aspects-5.1.5.RELEASE.jar;C:\Users\jessi\.m2\repository\com\h2database\h2\1.4.197\h2-1.4.197.jar;C:\Users\jessi\.m2\repository\org\fluentlenium\fluentlenium-junit\3.7.1\fluentlenium-junit-3.7.1.jar;C:\Users\jessi\.m2\repository\org\fluentlenium\fluentlenium-core\3.7.1\fluentlenium-core-3.7.1.jar;C:\Users\jessi\.m2\repository\org\seleniumhq\selenium\selenium-remote-driver\3.14.0\selenium-remote-driver-3.14.0.jar;C:\Users\jessi\.m2\repository\org\atteo\classindex\classindex\3.4\classindex-3.4.jar;C:\Users\jessi\.m2\repository\commons-io\commons-io\2.6\commons-io-2.6.jar;C:\Users\jessi\.m2\repository\org\apache\commons\commons-lang3\3.8.1\commons-lang3-3.8.1.jar;C:\Users\jessi\.m2\repository\org\apache\httpcomponents\httpclient\4.5.7\httpclient-4.5.7.jar;C:\Users\jessi\.m2\repository\org\fluentlenium\fluentlenium-assertj\3.7.1\fluentlenium-assertj-3.7.1.jar;C:\Users\jessi\.m2\repository\org\seleniumhq\selenium\selenium-api\3.14.0\selenium-api-3.14.0.jar;C:\Users\jessi\.m2\repository\org\seleniumhq\selenium\htmlunit-driver\2.33.0\htmlunit-driver-2.33.0.jar;C:\Users\jessi\.m2\repository\org\seleniumhq\selenium\selenium-support\3.14.0\selenium-support-3.14.0.jar;C:\Users\jessi\.m2\repository\org\apache\commons\commons-exec\1.3\commons-exec-1.3.jar;C:\Users\jessi\.m2\repository\commons-codec\commons-codec\1.11\commons-codec-1.11.jar;C:\Users\jessi\.m2\repository\com\google\guava\guava\25.0-jre\guava-25.0-jre.jar;C:\Users\jessi\.m2\repository\com\google\code\findbugs\jsr305\1.3.9\jsr305-1.3.9.jar;C:\Users\jessi\.m2\repository\org\checkerframework\checker-compat-qual\2.0.0\checker-compat-qual-2.0.0.jar;C:\Users\jessi\.m2\repository\com\google\errorprone\error_prone_annotations\2.1.3\error_prone_annotations-2.1.3.jar;C:\Users\jessi\.m2\repository\com\google\j2objc\j2objc-annotations\1.1\j2objc-annotations-1.1.jar;C:\Users\jessi\.m2\repository\org\codehaus\mojo\animal-sniffer-annotations\1.14\animal-sniffer-annotations-1.14.jar;C:\Users\jessi\.m2\repository\org\apache\httpcomponents\httpcore\4.4.11\httpcore-4.4.11.jar;C:\Users\jessi\.m2\repository\com\squareup\okhttp3\okhttp\3.10.0\okhttp-3.10.0.jar;C:\Users\jessi\.m2\repository\com\squareup\okio\okio\1.14.1\okio-1.14.1.jar;C:\Users\jessi\.m2\repository\net\sourceforge\htmlunit\htmlunit\2.33\htmlunit-2.33.jar;C:\Users\jessi\.m2\repository\xalan\xalan\2.7.2\xalan-2.7.2.jar;C:\Users\jessi\.m2\repository\xalan\serializer\2.7.2\serializer-2.7.2.jar;C:\Users\jessi\.m2\repository\org\apache\commons\commons-text\1.4\commons-text-1.4.jar;C:\Users\jessi\.m2\repository\org\apache\httpcomponents\httpmime\4.5.7\httpmime-4.5.7.jar;C:\Users\jessi\.m2\repository\net\sourceforge\htmlunit\htmlunit-core-js\2.33\htmlunit-core-js-2.33.jar;C:\Users\jessi\.m2\repository\net\sourceforge\htmlunit\neko-htmlunit\2.33\neko-htmlunit-2.33.jar;C:\Users\jessi\.m2\repository\xerces\xercesImpl\2.12.0\xercesImpl-2.12.0.jar;C:\Users\jessi\.m2\repository\xml-apis\xml-apis\1.4.01\xml-apis-1.4.01.jar;C:\Users\jessi\.m2\repository\net\sourceforge\htmlunit\htmlunit-cssparser\1.2.0\htmlunit-cssparser-1.2.0.jar;C:\Users\jessi\.m2\repository\commons-net\commons-net\3.6\commons-net-3.6.jar;C:\Users\jessi\.m2\repository\org\eclipse\jetty\websocket\websocket-client\9.4.14.v20181114\websocket-client-9.4.14.v20181114.jar;C:\Users\jessi\.m2\repository\org\eclipse\jetty\jetty-client\9.4.14.v20181114\jetty-client-9.4.14.v20181114.jar;C:\Users\jessi\.m2\repository\org\eclipse\jetty\jetty-http\9.4.14.v20181114\jetty-http-9.4.14.v20181114.jar;C:\Users\jessi\.m2\repository\org\eclipse\jetty\jetty-xml\9.4.14.v20181114\jetty-xml-9.4.14.v20181114.jar;C:\Users\jessi\.m2\repository\org\eclipse\jetty\jetty-util\9.4.14.v20181114\jetty-util-9.4.14.v20181114.jar;C:\Users\jessi\.m2\repository\org\eclipse\jetty\jetty-io\9.4.14.v20181114\jetty-io-9.4.14.v20181114.jar;C:\Users\jessi\.m2\repository\org\eclipse\jetty\websocket\websocket-common\9.4.14.v20181114\websocket-common-9.4.14.v20181114.jar;C:\Users\jessi\.m2\repository\org\eclipse\jetty\websocket\websocket-api\9.4.14.v20181114\websocket-api-9.4.14.v20181114.jar;C:\Users\jessi\.m2\repository\fi\helsinki\cs\tmc\edu-test-utils\0.4.2\edu-test-utils-0.4.2.jar;"/>
    <property name="java.vm.vendor" value="Oracle Corporation"/>
    <property name="sun.arch.data.model" value="64"/>
    <property name="user.variant" value=""/>
    <property name="java.vendor.url" value="http://java.oracle.com/"/>
    <property name="user.timezone" value="Europe/Helsinki"/>
    <property name="java.vm.specification.version" value="1.8"/>
    <property name="os.name" value="Windows 10"/>
    <property name="sun.java.launcher" value="SUN_STANDARD"/>
    <property name="user.country" value="FI"/>
    <property name="sun.boot.library.path" value="C:\Program Files\Java\jdk1.8.0_191\jre\bin"/>
    <property name="sun.java.command" value="C:\Users\jessi\AppData\Local\Temp\surefire313492963407826700\surefirebooter7958544239301367696.jar C:\Users\jessi\AppData\Local\Temp\surefire313492963407826700 2019-04-11T19-28-10_483-jvmRun1 surefire6907264360494770886tmp surefire_05729220906771139097tmp"/>
    <property name="surefire.test.class.path" value="C:\Users\jessi\Desktop\Koodi\MOOC\mooc-wepa-k19-projekti\wepa_Projekti\target\test-classes;C:\Users\jessi\Desktop\Koodi\MOOC\mooc-wepa-k19-projekti\wepa_Projekti\target\classes;C:\Users\jessi\.m2\repository\org\springframework\boot\spring-boot-starter-web\2.1.3.RELEASE\spring-boot-starter-web-2.1.3.RELEASE.jar;C:\Users\jessi\.m2\repository\org\springframework\boot\spring-boot-starter\2.1.3.RELEASE\spring-boot-starter-2.1.3.RELEASE.jar;C:\Users\jessi\.m2\repository\org\springframework\boot\spring-boot-starter-logging\2.1.3.RELEASE\spring-boot-starter-logging-2.1.3.RELEASE.jar;C:\Users\jessi\.m2\repository\ch\qos\logback\logback-classic\1.2.3\logback-classic-1.2.3.jar;C:\Users\jessi\.m2\repository\ch\qos\logback\logback-core\1.2.3\logback-core-1.2.3.jar;C:\Users\jessi\.m2\repository\org\apache\logging\log4j\log4j-to-slf4j\2.11.2\log4j-to-slf4j-2.11.2.jar;C:\Users\jessi\.m2\repository\org\apache\logging\log4j\log4j-api\2.11.2\log4j-api-2.11.2.jar;C:\Users\jessi\.m2\repository\org\slf4j\jul-to-slf4j\1.7.25\jul-to-slf4j-1.7.25.jar;C:\Users\jessi\.m2\repository\javax\annotation\javax.annotation-api\1.3.2\javax.annotation-api-1.3.2.jar;C:\Users\jessi\.m2\repository\org\yaml\snakeyaml\1.23\snakeyaml-1.23.jar;C:\Users\jessi\.m2\repository\org\springframework\boot\spring-boot-starter-json\2.1.3.RELEASE\spring-boot-starter-json-2.1.3.RELEASE.jar;C:\Users\jessi\.m2\repository\com\fasterxml\jackson\core\jackson-databind\2.9.8\jackson-databind-2.9.8.jar;C:\Users\jessi\.m2\repository\com\fasterxml\jackson\core\jackson-annotations\2.9.0\jackson-annotations-2.9.0.jar;C:\Users\jessi\.m2\repository\com\fasterxml\jackson\core\jackson-core\2.9.8\jackson-core-2.9.8.jar;C:\Users\jessi\.m2\repository\com\fasterxml\jackson\datatype\jackson-datatype-jdk8\2.9.8\jackson-datatype-jdk8-2.9.8.jar;C:\Users\jessi\.m2\repository\com\fasterxml\jackson\datatype\jackson-datatype-jsr310\2.9.8\jackson-datatype-jsr310-2.9.8.jar;C:\Users\jessi\.m2\repository\com\fasterxml\jackson\module\jackson-module-parameter-names\2.9.8\jackson-module-parameter-names-2.9.8.jar;C:\Users\jessi\.m2\repository\org\springframework\boot\spring-boot-starter-tomcat\2.1.3.RELEASE\spring-boot-starter-tomcat-2.1.3.RELEASE.jar;C:\Users\jessi\.m2\repository\org\apache\tomcat\embed\tomcat-embed-core\9.0.16\tomcat-embed-core-9.0.16.jar;C:\Users\jessi\.m2\repository\org\apache\tomcat\embed\tomcat-embed-el\9.0.16\tomcat-embed-el-9.0.16.jar;C:\Users\jessi\.m2\repository\org\apache\tomcat\embed\tomcat-embed-websocket\9.0.16\tomcat-embed-websocket-9.0.16.jar;C:\Users\jessi\.m2\repository\org\hibernate\validator\hibernate-validator\6.0.14.Final\hibernate-validator-6.0.14.Final.jar;C:\Users\jessi\.m2\repository\javax\validation\validation-api\2.0.1.Final\validation-api-2.0.1.Final.jar;C:\Users\jessi\.m2\repository\org\jboss\logging\jboss-logging\3.3.2.Final\jboss-logging-3.3.2.Final.jar;C:\Users\jessi\.m2\repository\com\fasterxml\classmate\1.4.0\classmate-1.4.0.jar;C:\Users\jessi\.m2\repository\org\springframework\spring-web\5.1.5.RELEASE\spring-web-5.1.5.RELEASE.jar;C:\Users\jessi\.m2\repository\org\springframework\spring-beans\5.1.5.RELEASE\spring-beans-5.1.5.RELEASE.jar;C:\Users\jessi\.m2\repository\org\springframework\spring-webmvc\5.1.5.RELEASE\spring-webmvc-5.1.5.RELEASE.jar;C:\Users\jessi\.m2\repository\org\springframework\spring-context\5.1.5.RELEASE\spring-context-5.1.5.RELEASE.jar;C:\Users\jessi\.m2\repository\org\springframework\spring-expression\5.1.5.RELEASE\spring-expression-5.1.5.RELEASE.jar;C:\Users\jessi\.m2\repository\org\springframework\boot\spring-boot-starter-thymeleaf\2.1.3.RELEASE\spring-boot-starter-thymeleaf-2.1.3.RELEASE.jar;C:\Users\jessi\.m2\repository\org\thymeleaf\thymeleaf-spring5\3.0.11.RELEASE\thymeleaf-spring5-3.0.11.RELEASE.jar;C:\Users\jessi\.m2\repository\org\thymeleaf\thymeleaf\3.0.11.RELEASE\thymeleaf-3.0.11.RELEASE.jar;C:\Users\jessi\.m2\repository\org\attoparser\attoparser\2.0.5.RELEASE\attoparser-2.0.5.RELEASE.jar;C:\Users\jessi\.m2\repository\org\unbescape\unbescape\1.1.6.RELEASE\unbescape-1.1.6.RELEASE.jar;C:\Users\jessi\.m2\repository\org\thymeleaf\extras\thymeleaf-extras-java8time\3.0.3.RELEASE\thymeleaf-extras-java8time-3.0.3.RELEASE.jar;C:\Users\jessi\.m2\repository\org\springframework\boot\spring-boot-starter-security\2.1.3.RELEASE\spring-boot-starter-security-2.1.3.RELEASE.jar;C:\Users\jessi\.m2\repository\org\springframework\spring-aop\5.1.5.RELEASE\spring-aop-5.1.5.RELEASE.jar;C:\Users\jessi\.m2\repository\org\springframework\security\spring-security-config\5.1.4.RELEASE\spring-security-config-5.1.4.RELEASE.jar;C:\Users\jessi\.m2\repository\org\springframework\security\spring-security-core\5.1.4.RELEASE\spring-security-core-5.1.4.RELEASE.jar;C:\Users\jessi\.m2\repository\org\springframework\security\spring-security-web\5.1.4.RELEASE\spring-security-web-5.1.4.RELEASE.jar;C:\Users\jessi\.m2\repository\org\thymeleaf\extras\thymeleaf-extras-springsecurity5\3.0.4.RELEASE\thymeleaf-extras-springsecurity5-3.0.4.RELEASE.jar;C:\Users\jessi\.m2\repository\org\slf4j\slf4j-api\1.7.25\slf4j-api-1.7.25.jar;C:\Users\jessi\.m2\repository\org\springframework\boot\spring-boot-devtools\2.1.3.RELEASE\spring-boot-devtools-2.1.3.RELEASE.jar;C:\Users\jessi\.m2\repository\org\springframework\boot\spring-boot\2.1.3.RELEASE\spring-boot-2.1.3.RELEASE.jar;C:\Users\jessi\.m2\repository\org\springframework\boot\spring-boot-autoconfigure\2.1.3.RELEASE\spring-boot-autoconfigure-2.1.3.RELEASE.jar;C:\Users\jessi\.m2\repository\org\springframework\boot\spring-boot-starter-test\2.1.3.RELEASE\spring-boot-starter-test-2.1.3.RELEASE.jar;C:\Users\jessi\.m2\repository\org\springframework\boot\spring-boot-test\2.1.3.RELEASE\spring-boot-test-2.1.3.RELEASE.jar;C:\Users\jessi\.m2\repository\org\springframework\boot\spring-boot-test-autoconfigure\2.1.3.RELEASE\spring-boot-test-autoconfigure-2.1.3.RELEASE.jar;C:\Users\jessi\.m2\repository\com\jayway\jsonpath\json-path\2.4.0\json-path-2.4.0.jar;C:\Users\jessi\.m2\repository\net\minidev\json-smart\2.3\json-smart-2.3.jar;C:\Users\jessi\.m2\repository\net\minidev\accessors-smart\1.2\accessors-smart-1.2.jar;C:\Users\jessi\.m2\repository\org\ow2\asm\asm\5.0.4\asm-5.0.4.jar;C:\Users\jessi\.m2\repository\junit\junit\4.12\junit-4.12.jar;C:\Users\jessi\.m2\repository\org\assertj\assertj-core\3.11.1\assertj-core-3.11.1.jar;C:\Users\jessi\.m2\repository\org\mockito\mockito-core\2.23.4\mockito-core-2.23.4.jar;C:\Users\jessi\.m2\repository\net\bytebuddy\byte-buddy\1.9.10\byte-buddy-1.9.10.jar;C:\Users\jessi\.m2\repository\net\bytebuddy\byte-buddy-agent\1.9.10\byte-buddy-agent-1.9.10.jar;C:\Users\jessi\.m2\repository\org\objenesis\objenesis\2.6\objenesis-2.6.jar;C:\Users\jessi\.m2\repository\org\hamcrest\hamcrest-core\1.3\hamcrest-core-1.3.jar;C:\Users\jessi\.m2\repository\org\hamcrest\hamcrest-library\1.3\hamcrest-library-1.3.jar;C:\Users\jessi\.m2\repository\org\skyscreamer\jsonassert\1.5.0\jsonassert-1.5.0.jar;C:\Users\jessi\.m2\repository\com\vaadin\external\google\android-json\0.0.20131108.vaadin1\android-json-0.0.20131108.vaadin1.jar;C:\Users\jessi\.m2\repository\org\springframework\spring-core\5.1.5.RELEASE\spring-core-5.1.5.RELEASE.jar;C:\Users\jessi\.m2\repository\org\springframework\spring-jcl\5.1.5.RELEASE\spring-jcl-5.1.5.RELEASE.jar;C:\Users\jessi\.m2\repository\org\springframework\spring-test\5.1.5.RELEASE\spring-test-5.1.5.RELEASE.jar;C:\Users\jessi\.m2\repository\org\xmlunit\xmlunit-core\2.6.2\xmlunit-core-2.6.2.jar;C:\Users\jessi\.m2\repository\org\projectlombok\lombok\1.18.6\lombok-1.18.6.jar;C:\Users\jessi\.m2\repository\org\springframework\boot\spring-boot-starter-data-jpa\2.1.3.RELEASE\spring-boot-starter-data-jpa-2.1.3.RELEASE.jar;C:\Users\jessi\.m2\repository\org\springframework\boot\spring-boot-starter-aop\2.1.3.RELEASE\spring-boot-starter-aop-2.1.3.RELEASE.jar;C:\Users\jessi\.m2\repository\org\aspectj\aspectjweaver\1.9.2\aspectjweaver-1.9.2.jar;C:\Users\jessi\.m2\repository\org\springframework\boot\spring-boot-starter-jdbc\2.1.3.RELEASE\spring-boot-starter-jdbc-2.1.3.RELEASE.jar;C:\Users\jessi\.m2\repository\com\zaxxer\HikariCP\3.2.0\HikariCP-3.2.0.jar;C:\Users\jessi\.m2\repository\org\springframework\spring-jdbc\5.1.5.RELEASE\spring-jdbc-5.1.5.RELEASE.jar;C:\Users\jessi\.m2\repository\javax\transaction\javax.transaction-api\1.3\javax.transaction-api-1.3.jar;C:\Users\jessi\.m2\repository\javax\xml\bind\jaxb-api\2.3.1\jaxb-api-2.3.1.jar;C:\Users\jessi\.m2\repository\javax\activation\javax.activation-api\1.2.0\javax.activation-api-1.2.0.jar;C:\Users\jessi\.m2\repository\org\hibernate\hibernate-core\5.3.7.Final\hibernate-core-5.3.7.Final.jar;C:\Users\jessi\.m2\repository\javax\persistence\javax.persistence-api\2.2\javax.persistence-api-2.2.jar;C:\Users\jessi\.m2\repository\org\javassist\javassist\3.23.1-GA\javassist-3.23.1-GA.jar;C:\Users\jessi\.m2\repository\antlr\antlr\2.7.7\antlr-2.7.7.jar;C:\Users\jessi\.m2\repository\org\jboss\jandex\2.0.5.Final\jandex-2.0.5.Final.jar;C:\Users\jessi\.m2\repository\org\dom4j\dom4j\2.1.1\dom4j-2.1.1.jar;C:\Users\jessi\.m2\repository\org\hibernate\common\hibernate-commons-annotations\5.0.4.Final\hibernate-commons-annotations-5.0.4.Final.jar;C:\Users\jessi\.m2\repository\org\springframework\data\spring-data-jpa\2.1.5.RELEASE\spring-data-jpa-2.1.5.RELEASE.jar;C:\Users\jessi\.m2\repository\org\springframework\data\spring-data-commons\2.1.5.RELEASE\spring-data-commons-2.1.5.RELEASE.jar;C:\Users\jessi\.m2\repository\org\springframework\spring-orm\5.1.5.RELEASE\spring-orm-5.1.5.RELEASE.jar;C:\Users\jessi\.m2\repository\org\springframework\spring-tx\5.1.5.RELEASE\spring-tx-5.1.5.RELEASE.jar;C:\Users\jessi\.m2\repository\org\springframework\spring-aspects\5.1.5.RELEASE\spring-aspects-5.1.5.RELEASE.jar;C:\Users\jessi\.m2\repository\com\h2database\h2\1.4.197\h2-1.4.197.jar;C:\Users\jessi\.m2\repository\org\fluentlenium\fluentlenium-junit\3.7.1\fluentlenium-junit-3.7.1.jar;C:\Users\jessi\.m2\repository\org\fluentlenium\fluentlenium-core\3.7.1\fluentlenium-core-3.7.1.jar;C:\Users\jessi\.m2\repository\org\seleniumhq\selenium\selenium-remote-driver\3.14.0\selenium-remote-driver-3.14.0.jar;C:\Users\jessi\.m2\repository\org\atteo\classindex\classindex\3.4\classindex-3.4.jar;C:\Users\jessi\.m2\repository\commons-io\commons-io\2.6\commons-io-2.6.jar;C:\Users\jessi\.m2\repository\org\apache\commons\commons-lang3\3.8.1\commons-lang3-3.8.1.jar;C:\Users\jessi\.m2\repository\org\apache\httpcomponents\httpclient\4.5.7\httpclient-4.5.7.jar;C:\Users\jessi\.m2\repository\org\fluentlenium\fluentlenium-assertj\3.7.1\fluentlenium-assertj-3.7.1.jar;C:\Users\jessi\.m2\repository\org\seleniumhq\selenium\selenium-api\3.14.0\selenium-api-3.14.0.jar;C:\Users\jessi\.m2\repository\org\seleniumhq\selenium\htmlunit-driver\2.33.0\htmlunit-driver-2.33.0.jar;C:\Users\jessi\.m2\repository\org\seleniumhq\selenium\selenium-support\3.14.0\selenium-support-3.14.0.jar;C:\Users\jessi\.m2\repository\org\apache\commons\commons-exec\1.3\commons-exec-1.3.jar;C:\Users\jessi\.m2\repository\commons-codec\commons-codec\1.11\commons-codec-1.11.jar;C:\Users\jessi\.m2\repository\com\google\guava\guava\25.0-jre\guava-25.0-jre.jar;C:\Users\jessi\.m2\repository\com\google\code\findbugs\jsr305\1.3.9\jsr305-1.3.9.jar;C:\Users\jessi\.m2\repository\org\checkerframework\checker-compat-qual\2.0.0\checker-compat-qual-2.0.0.jar;C:\Users\jessi\.m2\repository\com\google\errorprone\error_prone_annotations\2.1.3\error_prone_annotations-2.1.3.jar;C:\Users\jessi\.m2\repository\com\google\j2objc\j2objc-annotations\1.1\j2objc-annotations-1.1.jar;C:\Users\jessi\.m2\repository\org\codehaus\mojo\animal-sniffer-annotations\1.14\animal-sniffer-annotations-1.14.jar;C:\Users\jessi\.m2\repository\org\apache\httpcomponents\httpcore\4.4.11\httpcore-4.4.11.jar;C:\Users\jessi\.m2\repository\com\squareup\okhttp3\okhttp\3.10.0\okhttp-3.10.0.jar;C:\Users\jessi\.m2\repository\com\squareup\okio\okio\1.14.1\okio-1.14.1.jar;C:\Users\jessi\.m2\repository\net\sourceforge\htmlunit\htmlunit\2.33\htmlunit-2.33.jar;C:\Users\jessi\.m2\repository\xalan\xalan\2.7.2\xalan-2.7.2.jar;C:\Users\jessi\.m2\repository\xalan\serializer\2.7.2\serializer-2.7.2.jar;C:\Users\jessi\.m2\repository\org\apache\commons\commons-text\1.4\commons-text-1.4.jar;C:\Users\jessi\.m2\repository\org\apache\httpcomponents\httpmime\4.5.7\httpmime-4.5.7.jar;C:\Users\jessi\.m2\repository\net\sourceforge\htmlunit\htmlunit-core-js\2.33\htmlunit-core-js-2.33.jar;C:\Users\jessi\.m2\repository\net\sourceforge\htmlunit\neko-htmlunit\2.33\neko-htmlunit-2.33.jar;C:\Users\jessi\.m2\repository\xerces\xercesImpl\2.12.0\xercesImpl-2.12.0.jar;C:\Users\jessi\.m2\repository\xml-apis\xml-apis\1.4.01\xml-apis-1.4.01.jar;C:\Users\jessi\.m2\repository\net\sourceforge\htmlunit\htmlunit-cssparser\1.2.0\htmlunit-cssparser-1.2.0.jar;C:\Users\jessi\.m2\repository\commons-net\commons-net\3.6\commons-net-3.6.jar;C:\Users\jessi\.m2\repository\org\eclipse\jetty\websocket\websocket-client\9.4.14.v20181114\websocket-client-9.4.14.v20181114.jar;C:\Users\jessi\.m2\repository\org\eclipse\jetty\jetty-client\9.4.14.v20181114\jetty-client-9.4.14.v20181114.jar;C:\Users\jessi\.m2\repository\org\eclipse\jetty\jetty-http\9.4.14.v20181114\jetty-http-9.4.14.v20181114.jar;C:\Users\jessi\.m2\repository\org\eclipse\jetty\jetty-xml\9.4.14.v20181114\jetty-xml-9.4.14.v20181114.jar;C:\Users\jessi\.m2\repository\org\eclipse\jetty\jetty-util\9.4.14.v20181114\jetty-util-9.4.14.v20181114.jar;C:\Users\jessi\.m2\repository\org\eclipse\jetty\jetty-io\9.4.14.v20181114\jetty-io-9.4.14.v20181114.jar;C:\Users\jessi\.m2\repository\org\eclipse\jetty\websocket\websocket-common\9.4.14.v20181114\websocket-common-9.4.14.v20181114.jar;C:\Users\jessi\.m2\repository\org\eclipse\jetty\websocket\websocket-api\9.4.14.v20181114\websocket-api-9.4.14.v20181114.jar;C:\Users\jessi\.m2\repository\fi\helsinki\cs\tmc\edu-test-utils\0.4.2\edu-test-utils-0.4.2.jar;"/>
    <property name="sun.cpu.endian" value="little"/>
    <property name="user.home" value="C:\Users\jessi"/>
    <property name="user.language" value="fi"/>
    <property name="java.specification.vendor" value="Oracle Corporation"/>
    <property name="java.home" value="C:\Program Files\Java\jdk1.8.0_191\jre"/>
    <property name="basedir" value="C:\Users\jessi\Desktop\Koodi\MOOC\mooc-wepa-k19-projekti\wepa_Projekti"/>
    <property name="file.separator" value="\"/>
    <property name="line.separator" value="&#10;"/>
    <property name="java.vm.specification.vendor" value="Oracle Corporation"/>
    <property name="java.specification.name" value="Java Platform API Specification"/>
    <property name="java.awt.graphicsenv" value="sun.awt.Win32GraphicsEnvironment"/>
    <property name="surefire.real.class.path" value="C:\Users\jessi\AppData\Local\Temp\surefire313492963407826700\surefirebooter7958544239301367696.jar"/>
    <property name="sun.boot.class.path" value="C:\Program Files\Java\jdk1.8.0_191\jre\lib\resources.jar;C:\Program Files\Java\jdk1.8.0_191\jre\lib\rt.jar;C:\Program Files\Java\jdk1.8.0_191\jre\lib\sunrsasign.jar;C:\Program Files\Java\jdk1.8.0_191\jre\lib\jsse.jar;C:\Program Files\Java\jdk1.8.0_191\jre\lib\jce.jar;C:\Program Files\Java\jdk1.8.0_191\jre\lib\charsets.jar;C:\Program Files\Java\jdk1.8.0_191\jre\lib\jfr.jar;C:\Program Files\Java\jdk1.8.0_191\jre\classes"/>
    <property name="user.script" value=""/>
    <property name="sun.management.compiler" value="HotSpot 64-Bit Tiered Compilers"/>
    <property name="java.runtime.version" value="1.8.0_191-b12"/>
    <property name="user.name" value="jessi"/>
    <property name="path.separator" value=";"/>
    <property name="os.version" value="10.0"/>
    <property name="java.endorsed.dirs" value="C:\Program Files\Java\jdk1.8.0_191\jre\lib\endorsed"/>
    <property name="java.runtime.name" value="Java(TM) SE Runtime Environment"/>
    <property name="file.encoding" value="UTF-8"/>
    <property name="java.vm.name" value="Java HotSpot(TM) 64-Bit Server VM"/>
    <property name="maven.ext.class.path" value="C:\Program Files\tmcbeans\java\maven-nblib\netbeans-eventspy.jar"/>
    <property name="localRepository" value="C:\Users\jessi\.m2\repository"/>
    <property name="java.vendor.url.bug" value="http://bugreport.sun.com/bugreport/"/>
    <property name="java.io.tmpdir" value="C:\Users\jessi\AppData\Local\Temp\"/>
    <property name="java.version" value="1.8.0_191"/>
    <property name="user.dir" value="C:\Users\jessi\Desktop\Koodi\MOOC\mooc-wepa-k19-projekti\wepa_Projekti"/>
    <property name="os.arch" value="amd64"/>
    <property name="java.vm.specification.name" value="Java Virtual Machine Specification"/>
    <property name="java.awt.printerjob" value="sun.awt.windows.WPrinterJob"/>
    <property name="sun.os.patch.level" value=""/>
    <property name="java.library.path" value="C:\Program Files\Java\jdk1.8.0_191\jre\bin;C:\windows\Sun\Java\bin;C:\windows\system32;C:\windows;C:\Program Files (x86)\Common Files\Oracle\Java\javapath;C:\windows\system32;C:\windows;C:\windows\System32\Wbem;C:\windows\System32\WindowsPowerShell\v1.0\;C:\windows\System32\OpenSSH\;C:\Program Files (x86)\Intel\Intel(R) Management Engine Components\DAL;C:\Program Files\Intel\Intel(R) Management Engine Components\DAL;C:\Program Files (x86)\Intel\Intel(R) Management Engine Components\IPT;C:\Program Files\Intel\Intel(R) Management Engine Components\IPT;C:\Program Files\Intel\WiFi\bin\;C:\Program Files\Common Files\Intel\WirelessCommon\;C:\Program Files\nodejs\;C:\Program Files (x86)\Microsoft SQL Server\Client SDK\ODBC\130\Tools\Binn\;C:\Program Files (x86)\Microsoft SQL Server\140\Tools\Binn\;C:\Program Files (x86)\Microsoft SQL Server\140\DTS\Binn\;C:\Program Files (x86)\Microsoft SQL Server\140\Tools\Binn\ManagementStudio\;C:\Program Files\Git\cmd;C:\Users\jessi\scoop\shims;C:\Users\jessi\AppData\Local\Microsoft\WindowsApps;C:\Users\jessi\AppData\Roaming\npm;C:\Users\jessi\AppData\Local\Programs\Microsoft VS Code\bin;C:\Program Files\Heroku\bin;."/>
    <property name="java.vm.info" value="mixed mode"/>
    <property name="java.vendor" value="Oracle Corporation"/>
    <property name="java.vm.version" value="25.191-b12"/>
    <property name="java.ext.dirs" value="C:\Program Files\Java\jdk1.8.0_191\jre\lib\ext;C:\windows\Sun\Java\lib\ext"/>
    <property name="sun.io.unicode.encoding" value="UnicodeLittle"/>
    <property name="java.class.version" value="52.0"/>
  </properties>
  <testcase name="noTests" classname="projekti.ProjektiTest" time="0.001"/>
</testsuite>